03:21:14 **** Incremental Build of configuration Debug for project 11_graphs_prj ****
make all 
make: Warning: File 'src/subdir.mk' has modification time 4.6 s in the future
make: Nothing to be done for 'all'.
make: warning:  Clock skew detected.  Your build may be incomplete.
03:21:17 **** Incremental Build of configuration Debug for project 11_graphs_prj ****
make all 
make: Warning: File 'src/subdir.mk' has modification time 4.6 s in the future
make: Nothing to be done for 'all'.
make: warning:  Clock skew detected.  Your build may be incomplete.
03:21:23 **** Incremental Build of configuration Debug for project 11_graphs_prj ****
make all 
make: Warning: File 'src/subdir.mk' has modification time 4.5 s in the future
make: Nothing to be done for 'all'.
make: warning:  Clock skew detected.  Your build may be incomplete.
00:47:14 **** Incremental Build of configuration Debug for project 11_graphs_prj ****
make all 
make: Warning: File 'src/subdir.mk' has modification time 7.3 s in the future
Building file: ../src/main..cpp
Invoking: GCC C++ Compiler
g++ -O0 -g3 -Wall -c -fmessage-length=0 -MMD -MP -MF"src/main..d" -MT"src/main..o" -o "src/main..o" "../src/main..cpp"
Finished building: ../src/main..cpp
 
Building target: 11_graphs_prj
Invoking: GCC C++ Linker
g++  -o "11_graphs_prj"  ./src/main..o   
Finished building target: 11_graphs_prj
 
make: warning:  Clock skew detected.  Your build may be incomplete.
00:52:55 **** Incremental Build of configuration Debug for project 11_graphs_prj ****
make all 
make: Warning: File 'src/subdir.mk' has modification time 7.4 s in the future
make: warning:  Clock skew detected.  Your build may be incomplete.
make: Nothing to be done for 'all'.
00:53:06 **** Incremental Build of configuration Debug for project 11_graphs_prj ****
make all 
make: Warning: File 'src/subdir.mk' has modification time 7.4 s in the future
make: warning:  Clock skew detected.  Your build may be incomplete.
make: Nothing to be done for 'all'.
00:53:20 **** Incremental Build of configuration Debug for project 11_graphs_prj ****
make all 
make: Warning: File 'src/subdir.mk' has modification time 7.5 s in the future
Building file: ../src/main..cpp
Invoking: GCC C++ Compiler
g++ -O0 -g3 -Wall -c -fmessage-length=0 -MMD -MP -MF"src/main..d" -MT"src/main..o" -o "src/main..o" "../src/main..cpp"
Finished building: ../src/main..cpp
 
Building target: 11_graphs_prj
Invoking: GCC C++ Linker
g++  -o "11_graphs_prj"  ./src/main..o   
Finished building target: 11_graphs_prj
 
make: warning:  Clock skew detected.  Your build may be incomplete.
00:53:49 **** Incremental Build of configuration Debug for project 11_graphs_prj ****
make all 
make: Warning: File 'src/subdir.mk' has modification time 7.5 s in the future
Building file: ../src/main..cpp
Invoking: GCC C++ Compiler
g++ -O0 -g3 -Wall -c -fmessage-length=0 -MMD -MP -MF"src/main..d" -MT"src/main..o" -o "src/main..o" "../src/main..cpp"
../src/main..cpp: In function ‘void testGraphTraversal()’:
../src/main..cpp:145:12: warning: unused variable ‘rslt’ [-Wunused-variable]
  145 |  for(auto &rslt : matchResultGraph)
      |            ^~~~
Finished building: ../src/main..cpp
 
Building target: 11_graphs_prj
Invoking: GCC C++ Linker
g++  -o "11_graphs_prj"  ./src/main..o   
Finished building target: 11_graphs_prj
 
make: warning:  Clock skew detected.  Your build may be incomplete.
00:54:05 **** Incremental Build of configuration Debug for project 11_graphs_prj ****
make all 
make: Warning: File 'src/subdir.mk' has modification time 7.5 s in the future
make: warning:  Clock skew detected.  Your build may be incomplete.
make: Nothing to be done for 'all'.
00:55:09 **** Incremental Build of configuration Debug for project 11_graphs_prj ****
make all 
make: Warning: File 'src/subdir.mk' has modification time 7.4 s in the future
make: warning:  Clock skew detected.  Your build may be incomplete.
make: Nothing to be done for 'all'.
01:04:26 **** Incremental Build of configuration Debug for project 11_graphs_prj ****
make all 
make: Warning: File 'src/subdir.mk' has modification time 7.7 s in the future
make: warning:  Clock skew detected.  Your build may be incomplete.
make: Nothing to be done for 'all'.
01:06:48 **** Incremental Build of configuration Debug for project 11_graphs_prj ****
make all 
make: Warning: File 'src/subdir.mk' has modification time 7.5 s in the future
Building file: ../src/main..cpp
Invoking: GCC C++ Compiler
g++ -O0 -g3 -Wall -c -fmessage-length=0 -MMD -MP -MF"src/main..d" -MT"src/main..o" -o "src/main..o" "../src/main..cpp"
../src/main..cpp: In function ‘void testGraphTraversal()’:
../src/main..cpp:145:12: warning: unused variable ‘rslt’ [-Wunused-variable]
  145 |  for(auto &rslt : matchResultGraph)
      |            ^~~~
Finished building: ../src/main..cpp
 
Building target: 11_graphs_prj
Invoking: GCC C++ Linker
g++  -o "11_graphs_prj"  ./src/main..o   
Finished building target: 11_graphs_prj
 
make: warning:  Clock skew detected.  Your build may be incomplete.
01:08:38 **** Incremental Build of configuration Debug for project 11_graphs_prj ****
make all 
make: Warning: File 'src/subdir.mk' has modification time 7.6 s in the future
Building file: ../src/main..cpp
Invoking: GCC C++ Compiler
g++ -O0 -g3 -Wall -c -fmessage-length=0 -MMD -MP -MF"src/main..d" -MT"src/main..o" -o "src/main..o" "../src/main..cpp"
../src/main..cpp: In function ‘void testGraphTraversal()’:
../src/main..cpp:145:12: warning: unused variable ‘rslt’ [-Wunused-variable]
  145 |  for(auto &rslt : matchResultGraph)
      |            ^~~~
Finished building: ../src/main..cpp
 
Building target: 11_graphs_prj
Invoking: GCC C++ Linker
g++  -o "11_graphs_prj"  ./src/main..o   
Finished building target: 11_graphs_prj
make: warning:  Clock skew detected.  Your build may be incomplete.
 
01:13:47 **** Incremental Build of configuration Debug for project 11_graphs_prj ****
make all 
make: Warning: File 'src/subdir.mk' has modification time 7.9 s in the future
Building file: ../src/main..cpp
Invoking: GCC C++ Compiler
g++ -O0 -g3 -Wall -c -fmessage-length=0 -MMD -MP -MF"src/main..d" -MT"src/main..o" -o "src/main..o" "../src/main..cpp"
../src/main..cpp: In function ‘void testGraphTraversal()’:
../src/main..cpp:136:25: error: ‘team’ was not declared in this scope; did you mean ‘teamB’?
  136 |  if(isBeatable(p_graph, team, teamA))
      |                         ^~~~
      |                         teamB
../src/main..cpp:145:12: warning: unused variable ‘rslt’ [-Wunused-variable]
  145 |  for(auto &rslt : matchResultGraph)
      |            ^~~~
make: *** [src/subdir.mk:20: src/main..o] Error 1
"make all" terminated with exit code 2. Build might be incomplete.
01:13:58 **** Incremental Build of configuration Debug for project 11_graphs_prj ****
make all 
make: Warning: File 'src/subdir.mk' has modification time 7.9 s in the future
Building file: ../src/main..cpp
Invoking: GCC C++ Compiler
g++ -O0 -g3 -Wall -c -fmessage-length=0 -MMD -MP -MF"src/main..d" -MT"src/main..o" -o "src/main..o" "../src/main..cpp"
../src/main..cpp: In function ‘void testGraphTraversal()’:
../src/main..cpp:145:12: warning: unused variable ‘rslt’ [-Wunused-variable]
  145 |  for(auto &rslt : matchResultGraph)
      |            ^~~~
Finished building: ../src/main..cpp
 
Building target: 11_graphs_prj
Invoking: GCC C++ Linker
g++  -o "11_graphs_prj"  ./src/main..o   
Finished building target: 11_graphs_prj
 
make: warning:  Clock skew detected.  Your build may be incomplete.
01:14:46 **** Incremental Build of configuration Debug for project 11_graphs_prj ****
make all 
make: Warning: File 'src/subdir.mk' has modification time 8 s in the future
Building file: ../src/main..cpp
Invoking: GCC C++ Compiler
g++ -O0 -g3 -Wall -c -fmessage-length=0 -MMD -MP -MF"src/main..d" -MT"src/main..o" -o "src/main..o" "../src/main..cpp"
Finished building: ../src/main..cpp
 
Building target: 11_graphs_prj
Invoking: GCC C++ Linker
g++  -o "11_graphs_prj"  ./src/main..o   
Finished building target: 11_graphs_prj
 
make: warning:  Clock skew detected.  Your build may be incomplete.
02:39:55 **** Build of configuration Debug for project 11_graphs_prj ****
make all 
Building file: ../src/main..cpp
Invoking: GCC C++ Compiler
g++ -O0 -g3 -Wall -c -fmessage-length=0 -MMD -MP -MF"src/main..d" -MT"src/main..o" -o "src/main..o" "../src/main..cpp"
../src/main..cpp: In function ‘void testGraphTraversal()’:
../src/main..cpp:145:12: warning: unused variable ‘rslt’ [-Wunused-variable]
  145 |  for(auto &rslt : matchResultGraph)
      |            ^~~~
Finished building: ../src/main..cpp
 
Building target: 11_graphs_prj
Invoking: GCC C++ Linker
g++  -o "11_graphs_prj"  ./src/main..o   
Finished building target: 11_graphs_prj
 
02:40:09 **** Incremental Build of configuration Debug for project 11_graphs_prj ****
make all 
make: Nothing to be done for 'all'.
02:54:49 **** Incremental Build of configuration Debug for project 11_graphs_prj ****
make all 
Building file: ../src/main..cpp
Invoking: GCC C++ Compiler
g++ -O0 -g3 -Wall -c -fmessage-length=0 -MMD -MP -MF"src/main..d" -MT"src/main..o" -o "src/main..o" "../src/main..cpp"
../src/main..cpp: In function ‘void testGraphTraversal()’:
../src/main..cpp:146:12: warning: unused variable ‘rslt’ [-Wunused-variable]
  146 |  for(auto &rslt : matchResultGraph)
      |            ^~~~
Finished building: ../src/main..cpp
 
Building target: 11_graphs_prj
Invoking: GCC C++ Linker
g++  -o "11_graphs_prj"  ./src/main..o   
Finished building target: 11_graphs_prj
 
02:56:50 **** Incremental Build of configuration Debug for project 11_graphs_prj ****
make all 
Building file: ../src/main..cpp
Invoking: GCC C++ Compiler
g++ -O0 -g3 -Wall -c -fmessage-length=0 -MMD -MP -MF"src/main..d" -MT"src/main..o" -o "src/main..o" "../src/main..cpp"
../src/main..cpp: In function ‘void testGraphTraversal()’:
../src/main..cpp:146:12: warning: unused variable ‘rslt’ [-Wunused-variable]
  146 |  for(auto &rslt : matchResultGraph)
      |            ^~~~
Finished building: ../src/main..cpp
 
Building target: 11_graphs_prj
Invoking: GCC C++ Linker
g++  -o "11_graphs_prj"  ./src/main..o   
Finished building target: 11_graphs_prj
 
02:57:50 **** Incremental Build of configuration Debug for project 11_graphs_prj ****
make all 
make: Nothing to be done for 'all'.
03:24:06 **** Incremental Build of configuration Debug for project 11_graphs_prj ****
make all 
Building file: ../src/main..cpp
Invoking: GCC C++ Compiler
g++ -O0 -g3 -Wall -c -fmessage-length=0 -MMD -MP -MF"src/main..d" -MT"src/main..o" -o "src/main..o" "../src/main..cpp"
../src/main..cpp: In function ‘void testGraphTraversal()’:
../src/main..cpp:146:12: warning: unused variable ‘rslt’ [-Wunused-variable]
  146 |  for(auto &rslt : matchResultGraph)
      |            ^~~~
Finished building: ../src/main..cpp
 
Building target: 11_graphs_prj
Invoking: GCC C++ Linker
g++  -o "11_graphs_prj"  ./src/main..o   
/usr/bin/ld: cannot open output file 11_graphs_prj: Text file busy
collect2: error: ld returned 1 exit status
make: *** [makefile:47: 11_graphs_prj] Error 1
"make all" terminated with exit code 2. Build might be incomplete.
03:24:21 **** Incremental Build of configuration Debug for project 11_graphs_prj ****
make all 
Building target: 11_graphs_prj
Invoking: GCC C++ Linker
g++  -o "11_graphs_prj"  ./src/main..o   
Finished building target: 11_graphs_prj
 
03:25:21 **** Incremental Build of configuration Debug for project 11_graphs_prj ****
make all 
Building file: ../src/main..cpp
Invoking: GCC C++ Compiler
g++ -O0 -g3 -Wall -c -fmessage-length=0 -MMD -MP -MF"src/main..d" -MT"src/main..o" -o "src/main..o" "../src/main..cpp"
../src/main..cpp: In function ‘void testGraphTraversal()’:
../src/main..cpp:150:12: warning: unused variable ‘rslt’ [-Wunused-variable]
  150 |  for(auto &rslt : matchResultGraph)
      |            ^~~~
Finished building: ../src/main..cpp
 
Building target: 11_graphs_prj
Invoking: GCC C++ Linker
g++  -o "11_graphs_prj"  ./src/main..o   
Finished building target: 11_graphs_prj
 
03:28:04 **** Incremental Build of configuration Debug for project 11_graphs_prj ****
make all 
Building file: ../src/main..cpp
Invoking: GCC C++ Compiler
g++ -O0 -g3 -Wall -c -fmessage-length=0 -MMD -MP -MF"src/main..d" -MT"src/main..o" -o "src/main..o" "../src/main..cpp"
../src/main..cpp: In function ‘bool isDFSReachable(Graph&, EdgeSet&, std::string, std::string)’:
../src/main..cpp:72:20: error: ‘p_dst’ was not declared in this scope; did you mean ‘p_dest’?
   72 |  std::cout<<"dst"<<p_dst<<endl;
      |                    ^~~~~
      |                    p_dest
../src/main..cpp: In function ‘void testGraphTraversal()’:
../src/main..cpp:152:12: warning: unused variable ‘rslt’ [-Wunused-variable]
  152 |  for(auto &rslt : matchResultGraph)
      |            ^~~~
make: *** [src/subdir.mk:20: src/main..o] Error 1
"make all" terminated with exit code 2. Build might be incomplete.
03:28:16 **** Incremental Build of configuration Debug for project 11_graphs_prj ****
make all 
Building file: ../src/main..cpp
Invoking: GCC C++ Compiler
g++ -O0 -g3 -Wall -c -fmessage-length=0 -MMD -MP -MF"src/main..d" -MT"src/main..o" -o "src/main..o" "../src/main..cpp"
../src/main..cpp: In function ‘void testGraphTraversal()’:
../src/main..cpp:152:12: warning: unused variable ‘rslt’ [-Wunused-variable]
  152 |  for(auto &rslt : matchResultGraph)
      |            ^~~~
Finished building: ../src/main..cpp
 
Building target: 11_graphs_prj
Invoking: GCC C++ Linker
g++  -o "11_graphs_prj"  ./src/main..o   
Finished building target: 11_graphs_prj
 
03:29:01 **** Incremental Build of configuration Debug for project 11_graphs_prj ****
make all 
Building file: ../src/main..cpp
Invoking: GCC C++ Compiler
g++ -O0 -g3 -Wall -c -fmessage-length=0 -MMD -MP -MF"src/main..d" -MT"src/main..o" -o "src/main..o" "../src/main..cpp"
../src/main..cpp: In function ‘void testGraphTraversal()’:
../src/main..cpp:152:12: warning: unused variable ‘rslt’ [-Wunused-variable]
  152 |  for(auto &rslt : matchResultGraph)
      |            ^~~~
Finished building: ../src/main..cpp
 
Building target: 11_graphs_prj
Invoking: GCC C++ Linker
g++  -o "11_graphs_prj"  ./src/main..o   
Finished building target: 11_graphs_prj
 
03:30:25 **** Incremental Build of configuration Debug for project 11_graphs_prj ****
make all 
make: Nothing to be done for 'all'.
03:32:36 **** Incremental Build of configuration Debug for project 11_graphs_prj ****
make all 
make: Nothing to be done for 'all'.
03:45:03 **** Clean-only build of configuration Debug for project 01_insertionSort_prj ****
Info: Configuration "Debug" uses tool-chain "Cygwin GCC" that is unsupported on this system, attempting to build anyway.
make clean 
rm -rf  ./src/insertion_sort.o  ./src/insertion_sort.d  01_insertionSort_prj.exe
 
03:45:04 **** Clean-only build of configuration Debug for project 02_selectionSort_prj ****
Info: Configuration "Debug" uses tool-chain "Cygwin GCC" that is unsupported on this system, attempting to build anyway.
make clean 
rm -rf  ./src/selection_sort.o  ./src/selection_sort.d  02_selectionSort_prj.exe
 
03:45:04 **** Clean-only build of configuration Debug for project 03_mergeSort_prj ****
Info: Configuration "Debug" uses tool-chain "Cygwin GCC" that is unsupported on this system, attempting to build anyway.
make clean 
rm -rf  ./src/merge_sort.o  ./src/merge_sort.d  03_mergeSort_prj.exe
 
03:45:04 **** Clean-only build of configuration Debug for project 04_heapSort ****
Info: Configuration "Debug" uses tool-chain "Cygwin GCC" that is unsupported on this system, attempting to build anyway.
make clean 
rm -rf  ./src/heap.o ./src/main.o  ./src/heap.d ./src/main.d  04_heapSort.exe
 
03:45:04 **** Clean-only build of configuration Debug for project 05_dyanamicProgramming_prj ****
make clean 
rm -rf  ./src/main.o  ./src/main.d  05_dyanamicProgramming_prj
 
03:45:05 **** Clean-only build of configuration Debug for project 06_quickSort_prj ****
make clean 
rm -rf  ./src/main.o ./src/quick_sort.o  ./src/main.d ./src/quick_sort.d  06_quickSort_prj
 
03:45:05 **** Clean-only build of configuration Debug for project 07_advancingArray_prj ****
make clean 
rm -rf  ./src/main.o  ./src/main.d  07_advancingArray_prj
 
03:45:05 **** Clean-only build of configuration Debug for project 08_stockProfit_prj ****
make clean 
rm -rf  ./src/main.o  ./src/main.d  08_stockProfit_prj
 
03:45:05 **** Clean-only build of configuration Debug for project 09_2dArray_prj ****
make clean 
rm -rf  ./src/main.o  ./src/main.d  09_2dArray_prj
 
03:45:06 **** Clean-only build of configuration Debug for project 10_hash_vs_bst_perf_prj ****
make clean 
rm -rf  ./src/main.o  ./src/main.d  10_hash_vs_bst_perf_prj
 
03:45:06 **** Clean-only build of configuration Debug for project 10_stdVectors_prj ****
make clean 
rm -rf  ./src/main.o  ./src/main.d  10_stdVectors_prj
 
03:45:06 **** Clean-only build of configuration Debug for project 11_graphs_prj ****
make clean 
rm -rf  ./src/main..o  ./src/main..d  11_graphs_prj
 
03:45:07 **** Clean-only build of configuration Debug for project 12_smartPointer_prj ****
make clean 
rm -rf  ./src/main.o  ./src/main.d  12_smartPointer_prj
 
03:45:07 **** Clean-only build of configuration Debug for project cpp01_lambdaExpressions_prj ****
make clean 
rm -rf  ./src/main.o  ./src/main.d  cpp01_lambdaExpressions_prj
 
03:45:07 **** Clean-only build of configuration Debug for project cpp02_moveSemantics_prj ****
make clean 
rm -rf  ./src/main.o  ./src/main.d  cpp02_moveSemantics_prj
 
03:45:07 **** Clean-only build of configuration Debug for project stl_map_prj ****
make clean 
rm -rf  ./src/main.o  ./src/main.d  stl_map_prj
 
03:45:07 **** Clean-only build of configuration Debug for project stl_set_prj ****
make clean 
rm -rf  ./src/main.o  ./src/main.d  stl_set_prj
 
03:45:08 **** Clean-only build of configuration Debug for project stl_unordered_set_prj ****
make clean 
rm -rf  ./src/main.o  ./src/main.d  stl_unordered_set_prj
 
